<?xml version="1.0" encoding="UTF-8"?>
<!-- Generated by org.testng.reporters.JUnitReportReporter -->
<testsuite skipped="1" hostname="Mohammeds-MacBook-Air.local" name="test.MyFirstTest" tests="2" failures="0" timestamp="02 May 2018 02:29:07 GMT" time="0.297" errors="0">
  <testcase name="testingFramework" time="0.297" classname="test.MyFirstTest"/>
  <testcase name="skipping" classname="test.MyFirstTest">
    <skipped/>
  </testcase> <!-- skipping -->
</testsuite> <!-- test.MyFirstTest -->
