<?xml version="1.0" encoding="UTF-8"?>
<!-- Generated by org.testng.reporters.JUnitReportReporter -->
<testsuite skipped="0" hostname="Mohammeds-MacBook-Air.local" name="test.mySecondTest" tests="2" failures="0" timestamp="02 May 2018 02:29:07 GMT" time="0.014" errors="0">
  <testcase name="myTst" time="0.007" classname="test.mySecondTest"/>
  <testcase name="myTest2" time="0.007" classname="test.mySecondTest"/>
</testsuite> <!-- test.mySecondTest -->
